<?xml version="1.0" encoding="UTF-8"?>
<!-- Generated by org.testng.reporters.JUnitReportReporter -->
<testsuite hostname="testinglaptop" failures="0" tests="1" name="crm.vtiger.practice.AllenSolly" time="216.575" errors="0" timestamp="2023-03-08T13:22:15 IST" skipped="0">
  <testcase classname="crm.vtiger.practice.AllenSolly" name="test" time="216.575"/>
  <system-out/>
</testsuite> <!-- crm.vtiger.practice.AllenSolly -->
