<?xml version="1.0" encoding="UTF-8"?>
<!-- Generated by org.testng.reporters.JUnitReportReporter -->
<testsuite hostname="testinglaptop" failures="0" tests="1" name="crm.vtiger.practice.MavenPracgtice" time="0.004" errors="0" timestamp="2023-03-07T17:39:01 IST" skipped="0">
  <testcase classname="crm.vtiger.practice.MavenPracgtice" name="test" time="0.004"/>
  <system-out/>
</testsuite> <!-- crm.vtiger.practice.MavenPracgtice -->
