<?xml version="1.0" encoding="UTF-8"?>
<!-- Generated by org.testng.reporters.JUnitReportReporter -->
<testsuite skipped="0" hostname="testinglaptop" name="crm.vtiger.practice.TestNGPracticeClass2" tests="20" failures="0" timestamp="2023-03-07T15:43:49 IST" time="0.005" errors="0">
  <testcase name="test1" time="0.000" classname="crm.vtiger.practice.TestNGPracticeClass2"/>
  <system-out/>
  <testcase name="test1" time="0.000" classname="crm.vtiger.practice.TestNGPracticeClass2"/>
  <system-out/>
  <testcase name="test1" time="0.000" classname="crm.vtiger.practice.TestNGPracticeClass2"/>
  <system-out/>
  <testcase name="test1" time="0.000" classname="crm.vtiger.practice.TestNGPracticeClass2"/>
  <system-out/>
  <testcase name="test1" time="0.000" classname="crm.vtiger.practice.TestNGPracticeClass2"/>
  <system-out/>
  <testcase name="test1" time="0.001" classname="crm.vtiger.practice.TestNGPracticeClass2"/>
  <system-out/>
  <testcase name="test1" time="0.000" classname="crm.vtiger.practice.TestNGPracticeClass2"/>
  <system-out/>
  <testcase name="test1" time="0.001" classname="crm.vtiger.practice.TestNGPracticeClass2"/>
  <system-out/>
  <testcase name="test1" time="0.000" classname="crm.vtiger.practice.TestNGPracticeClass2"/>
  <system-out/>
  <testcase name="test1" time="0.000" classname="crm.vtiger.practice.TestNGPracticeClass2"/>
  <system-out/>
  <testcase name="test1" time="0.000" classname="crm.vtiger.practice.TestNGPracticeClass2"/>
  <system-out/>
  <testcase name="test1" time="0.002" classname="crm.vtiger.practice.TestNGPracticeClass2"/>
  <system-out/>
  <testcase name="test1" time="0.000" classname="crm.vtiger.practice.TestNGPracticeClass2"/>
  <system-out/>
  <testcase name="test1" time="0.000" classname="crm.vtiger.practice.TestNGPracticeClass2"/>
  <system-out/>
  <testcase name="test1" time="0.000" classname="crm.vtiger.practice.TestNGPracticeClass2"/>
  <system-out/>
  <testcase name="test1" time="0.000" classname="crm.vtiger.practice.TestNGPracticeClass2"/>
  <system-out/>
  <testcase name="test1" time="0.001" classname="crm.vtiger.practice.TestNGPracticeClass2"/>
  <system-out/>
  <testcase name="test1" time="0.000" classname="crm.vtiger.practice.TestNGPracticeClass2"/>
  <system-out/>
  <testcase name="test1" time="0.000" classname="crm.vtiger.practice.TestNGPracticeClass2"/>
  <system-out/>
  <testcase name="test1" time="0.000" classname="crm.vtiger.practice.TestNGPracticeClass2"/>
  <system-out/>
</testsuite> <!-- crm.vtiger.practice.TestNGPracticeClass2 -->
