<?xml version="1.0" encoding="UTF-8"?>
<!-- Generated by org.testng.reporters.JUnitReportReporter -->
<testsuite skipped="0" hostname="testinglaptop" name="crm.vtiger.practice.MavenPracgtice" tests="1" failures="0" timestamp="2023-03-07T17:32:19 IST" time="0.004" errors="0">
  <testcase name="test" time="0.004" classname="crm.vtiger.practice.MavenPracgtice"/>
  <system-out/>
</testsuite> <!-- crm.vtiger.practice.MavenPracgtice -->
